<?xml version="1.0" encoding="UTF-8"?>
<testng-results ignored="0" total="1" passed="1" failed="0" skipped="0">
  <reporter-output>
  </reporter-output>
  <suite started-at="2022-09-26T12:45:01 IST" name="Suite" finished-at="2022-09-26T12:45:43 IST" duration-ms="42118">
    <groups>
    </groups>
    <test started-at="2022-09-26T12:45:01 IST" name="Test" finished-at="2022-09-26T12:45:43 IST" duration-ms="42118">
      <class name="anil.login">
        <test-method signature="f()[pri:0, instance:anil.login@c333c60]" started-at="2022-09-26T12:45:01 IST" name="f" finished-at="2022-09-26T12:45:43 IST" duration-ms="42077" status="PASS">
          <reporter-output>
          </reporter-output>
        </test-method> <!-- f -->
      </class> <!-- anil.login -->
    </test> <!-- Test -->
  </suite> <!-- Suite -->
</testng-results>
